/usr/sbin/mysqld, Version: 8.0.13 (MySQL Community Server - GPL). started with:
Tcp port: 0  Unix socket: /var/run/mysqld/mysqld.sock
Time                 Id Command    Argument
/usr/sbin/mysqld, Version: 8.0.13 (MySQL Community Server - GPL). started with:
Tcp port: 0  Unix socket: /var/run/mysqld/mysqld.sock
Time                 Id Command    Argument
# Time: 2021-05-19T02:00:22.151832Z
# User@Host: root[root] @ localhost []  Id:     8
# Query_time: 3.204830  Lock_time: 0.000233 Rows_sent: 0  Rows_examined: 0
use mysql;
SET timestamp=1621389622;
INSERT INTO time_zone_transition (Time_zone_id, Transition_time, Transition_type_id) VALUES
 (@time_zone_id, -2147483648, 2)
,(@time_zone_id, -1633269600, 1)
,(@time_zone_id, -1615129200, 2)
,(@time_zone_id, -1601820000, 1)
,(@time_zone_id, -1583679600, 2)
,(@time_zone_id, -1471788000, 5)
,(@time_zone_id, -880210800, 3)
,(@time_zone_id, -769395600, 4)
,(@time_zone_id, -765388800, 5)
,(@time_zone_id, -84380400, 6)
,(@time_zone_id, -68659200, 5)
,(@time_zone_id, -52930800, 6)
,(@time_zone_id, -37209600, 5)
,(@time_zone_id, -21481200, 6)
,(@time_zone_id, -5760000, 5)
,(@time_zone_id, 9968400, 6)
,(@time_zone_id, 25689600, 5)
,(@time_zone_id, 41418000, 6)
,(@time_zone_id, 57744000, 5)
,(@time_zone_id, 73472400, 6)
,(@time_zone_id, 89193601, 5)
,(@time_zone_id, 104922002, 6)
,(@time_zone_id, 120643202, 5)
,(@time_zone_id, 129114003, 6)
,(@time_zone_id, 152092803, 5)
,(@time_zone_id, 162378004, 6)
,(@time_zone_id, 183542404, 5)
,(@time_zone_id, 199270805, 6)
,(@time_zone_id, 215596805, 5)
,(@time_zone_id, 230720406, 6)
,(@time_zone_id, 247046406, 5)
,(@time_zone_id, 262774807, 6)
,(@time_zone_id, 278496007, 5)
,(@time_zone_id, 294224408, 6)
,(@time_zone_id, 309945608, 5)
,(@time_zone_id, 325674009, 6)
,(@time_zone_id, 341395209, 5)
,(@time_zone_id, 357123609, 6)
,(@time_zone_id, 372844810, 5)
,(@time_zone_id, 388573210, 6)
,(@time_zone_id, 404899211, 5)
,(@time_zone_id, 420022811, 6)
,(@time_zone_id, 436348812, 5)
,(@time_zone_id, 452077212, 6)
,(@time_zone_id, 467798412, 5)
,(@time_zone_id, 483526812, 6)
,(@time_zone_id, 499248013, 5)
,(@time_zone_id, 514976413, 6)
,(@time_zone_id, 530697613, 5)
,(@time_zone_id, 544611613, 6)
,(@time_zone_id, 562147213, 5)
,(@time_zone_id, 576061214, 6)
,(@time_zone_id, 594201614, 5)
,(@time_zone_id, 607510814, 6)
,(@time_zone_id, 625651214, 5)
,(@time_zone_id, 638960415, 6)
,(@time_zone_id, 657100815, 5)
,(@time_zone_id, 671014816, 6)
,(@time_zone_id, 688550416, 5)
,(@time_zone_id, 702464416, 6)
,(@time_zone_id, 720000017, 5)
,(@time_zone_id, 733914017, 6)
,(@time_zone_id, 752054418, 5)
,(@time_zone_id, 765363618, 6)
,(@time_zone_id, 783504019, 5)
,(@time_zone_id, 796813219, 6)
,(@time_zone_id, 814953619, 5)
,(@time_zone_id, 828867620, 6)
,(@time_zone_id, 846403220, 5)
,(@time_zone_id, 860317220, 6)
,(@time_zone_id, 877852821, 5)
,(@time_zone_id, 891766821, 6)
,(@time_zone_id, 909302421, 5)
,(@time_zone_id, 923216422, 6)
,(@time_zone_id, 941356822, 5)
,(@time_zone_id, 954666022, 6)
,(@time_zone_id, 972806422, 5)
,(@time_zone_id, 986115622, 6)
,(@time_zone_id, 1004256022, 5)
,(@time_zone_id, 1018170022, 6)
,(@time_zone_id, 1035705622, 5)
,(@time_zone_id, 1049619622, 6)
,(@time_zone_id, 1067155222, 5)
,(@time_zone_id, 1081069222, 6)
,(@time_zone_id, 1099209622, 5)
,(@time_zone_id, 1112518822, 6)
,(@time_zone_id, 1130659222, 5)
,(@time_zone_id, 1143968423, 6)
,(@time_zone_id, 1162108823, 5)
,(@time_zone_id, 1173603623, 6)
,(@time_zone_id, 1194163223, 5)
,(@time_zone_id, 1205053223, 6)
,(@time_zone_id, 1225612823, 5)
,(@time_zone_id, 1236502824, 6)
,(@time_zone_id, 1257062424, 5)
,(@time_zone_id, 1268557224, 6)
,(@time_zone_id, 1289116824, 5)
,(@time_zone_id, 1300006824, 6)
,(@time_zone_id, 1320566424, 5)
,(@time_zone_id, 1331456424, 6)
,(@time_zone_id, 1352016025, 5)
,(@time_zone_id, 1362906025, 6)
,(@time_zone_id, 1383465625, 5)
,(@time_zone_id, 1394355625, 6)
,(@time_zone_id, 1414915225, 5)
,(@time_zone_id, 1425805225, 6)
,(@time_zone_id, 1446364826, 5)
,(@time_zone_id, 1457859626, 6)
,(@time_zone_id, 1478419226, 5)
,(@time_zone_id, 1489309227, 6)
,(@time_zone_id, 1509868827, 5)
,(@time_zone_id, 1520758827, 6)
,(@time_zone_id, 1541318427, 5)
,(@time_zone_id, 1552208427, 6)
,(@time_zone_id, 1572768027, 5)
,(@time_zone_id, 1583658027, 6)
,(@time_zone_id, 1604217627, 5)
,(@time_zone_id, 1615712427, 6)
,(@time_zone_id, 1636272027, 5)
,(@time_zone_id, 1647162027, 6)
,(@time_zone_id, 1667721627, 5)
,(@time_zone_id, 1678611627, 6)
,(@time_zone_id, 1699171227, 5)
,(@time_zone_id, 1710061227, 6)
,(@time_zone_id, 1730620827, 5)
,(@time_zone_id, 1741510827, 6)
,(@time_zone_id, 1762070427, 5)
,(@time_zone_id, 1772960427, 6)
,(@time_zone_id, 1793520027, 5)
,(@time_zone_id, 1805014827, 6)
,(@time_zone_id, 1825574427, 5)
,(@time_zone_id, 1836464427, 6)
,(@time_zone_id, 1857024027, 5)
,(@time_zone_id, 1867914027, 6)
,(@time_zone_id, 1888473627, 5)
,(@time_zone_id, 1899363627, 6)
,(@time_zone_id, 1919923227, 5)
,(@time_zone_id, 1930813227, 6)
,(@time_zone_id, 1951372827, 5)
,(@time_zone_id, 1962867627, 6)
,(@time_zone_id, 1983427227, 5)
,(@time_zone_id, 1994317227, 6)
,(@time_zone_id, 2014876827, 5)
,(@time_zone_id, 2025766827, 6)
,(@time_zone_id, 2046326427, 5)
,(@time_zone_id, 2057216427, 6)
,(@time_zone_id, 2077776027, 5)
,(@time_zone_id, 2088666027, 6)
,(@time_zone_id, 2109225627, 5)
,(@time_zone_id, 2120115627, 6)
,(@time_zone_id, 2140675227, 5);
# Time: 2021-05-19T02:00:31.965708Z
# User@Host: root[root] @ localhost []  Id:     8
# Query_time: 8.670378  Lock_time: 0.000180 Rows_sent: 0  Rows_examined: 0
SET timestamp=1621389631;
INSERT INTO time_zone_transition (Time_zone_id, Transition_time, Transition_type_id) VALUES
 (@time_zone_id, -2147483648, 0)
,(@time_zone_id, -1518920148, 2)
,(@time_zone_id, 166572004, 1)
,(@time_zone_id, 182293204, 2)
,(@time_zone_id, 200959205, 1)
,(@time_zone_id, 213829205, 2)
,(@time_zone_id, 228866406, 1)
,(@time_zone_id, 243982806, 2)
,(@time_zone_id, 260316007, 1)
,(@time_zone_id, 276123607, 2)
,(@time_zone_id, 291765608, 1)
,(@time_zone_id, 307486808, 2)
,(@time_zone_id, 323820009, 1)
,(@time_zone_id, 338936409, 2)
,(@time_zone_id, 354664809, 1)
,(@time_zone_id, 370386010, 2)
,(@time_zone_id, 386114410, 1)
,(@time_zone_id, 401835611, 2)
,(@time_zone_id, 417564011, 1)
,(@time_zone_id, 433285212, 2)
,(@time_zone_id, 449013612, 1)
,(@time_zone_id, 465339612, 2)
,(@time_zone_id, 481068012, 1)
,(@time_zone_id, 496789213, 2)
,(@time_zone_id, 512517613, 1)
,(@time_zone_id, 528238813, 2)
,(@time_zone_id, 543967213, 1)
,(@time_zone_id, 559688413, 2)
,(@time_zone_id, 575416814, 1)
,(@time_zone_id, 591138014, 2)
,(@time_zone_id, 606866414, 1)
,(@time_zone_id, 622587614, 2)
,(@time_zone_id, 638316015, 1)
,(@time_zone_id, 654642015, 2)
,(@time_zone_id, 670370416, 1)
,(@time_zone_id, 686091616, 2)
,(@time_zone_id, 701820016, 1)
,(@time_zone_id, 717541217, 2)
,(@time_zone_id, 733269617, 1)
,(@time_zone_id, 748990818, 2)
,(@time_zone_id, 764719218, 1)
,(@time_zone_id, 780440419, 2)
,(@time_zone_id, 796168819, 1)
,(@time_zone_id, 811890019, 2)
,(@time_zone_id, 828223220, 1)
,(@time_zone_id, 843944420, 2)
,(@time_zone_id, 859672820, 1)
,(@time_zone_id, 875394021, 2)
,(@time_zone_id, 891122421, 1)
,(@time_zone_id, 909277221, 3)
,(@time_zone_id, 922582822, 4)
,(@time_zone_id, 941331622, 3)
,(@time_zone_id, 954032422, 4)
,(@time_zone_id, 972781222, 3)
,(@time_zone_id, 985482022, 4)
,(@time_zone_id, 1004230822, 3)
,(@time_zone_id, 1017536422, 4)
,(@time_zone_id, 1035680422, 3)
,(@time_zone_id, 1048986022, 4)
,(@time_zone_id, 1067130022, 3)
,(@time_zone_id, 1080435622, 4)
,(@time_zone_id, 1099184422, 3)
,(@time_zone_id, 1111885222, 4)
,(@time_zone_id, 1130634022, 3)
,(@time_zone_id, 1143334823, 4)
,(@time_zone_id, 1162083623, 3)
,(@time_zone_id, 1174784423, 4)
,(@time_zone_id, 1193533223, 3)
,(@time_zone_id, 1206838823, 4)
,(@time_zone_id, 1224982823, 3)
,(@time_zone_id, 1238288424, 4)
,(@time_zone_id, 1256432424, 3)
,(@time_zone_id, 1269738024, 4)
,(@time_zone_id, 1288486824, 3)
,(@time_zone_id, 1301187624, 4)
,(@time_zone_id, 1319936424, 3)
,(@time_zone_id, 1332637224, 4)
,(@time_zone_id, 1351386025, 3)
,(@time_zone_id, 1364691625, 4)
,(@time_zone_id, 1382835625, 3)
,(@time_zone_id, 1396141225, 4)
,(@time_zone_id, 1414285225, 3)
,(@time_zone_id, 1427590825, 4)
,(@time_zone_id, 1445734826, 3)
,(@time_zone_id, 1459040426, 4)
,(@time_zone_id, 1473282026, 5)
,(@time_zone_id, 1509238827, 3)
,(@time_zone_id, 1521939627, 4)
,(@time_zone_id, 1540688427, 3)
,(@time_zone_id, 1553994027, 4)
,(@time_zone_id, 1572138027, 3)
,(@time_zone_id, 1585443627, 4)
,(@time_zone_id, 1603587627, 3)
,(@time_zone_id, 1616893227, 4)
,(@time_zone_id, 1635642027, 3)
,(@time_zone_id, 1648342827, 4)
,(@time_zone_id, 1667091627, 3)
,(@time_zone_id, 1679792427, 4)
,(@time_zone_id, 1698541227, 3)
,(@time_zone_id, 1711846827, 4)
,(@time_zone_id, 1729990827, 3)
,(@time_zone_id, 1743296427, 4)
,(@time_zone_id, 1761440427, 3)
,(@time_zone_id, 1774746027, 4)
,(@time_zone_id, 1792890027, 3)
,(@time_zone_id, 1806195627, 4)
,(@time_zone_id, 1824944427, 3)
,(@time_zone_id, 1837645227, 4)
,(@time_zone_id, 1856394027, 3)
,(@time_zone_id, 1869094827, 4)
,(@time_zone_id, 1887843627, 3)
,(@time_zone_id, 1901149227, 4)
,(@time_zone_id, 1919293227, 3)
,(@time_zone_id, 1932598827, 4)
,(@time_zone_id, 1950742827, 3)
,(@time_zone_id, 1964048427, 4)
,(@time_zone_id, 1982797227, 3)
,(@time_zone_id, 1995498027, 4)
,(@time_zone_id, 2014246827, 3)
,(@time_zone_id, 2026947627, 4)
,(@time_zone_id, 2045696427, 3)
,(@time_zone_id, 2058397227, 4)
,(@time_zone_id, 2077146027, 3)
,(@time_zone_id, 2090451627, 4)
,(@time_zone_id, 2108595627, 3)
,(@time_zone_id, 2121901227, 4)
,(@time_zone_id, 2140045227, 3);
/usr/sbin/mysqld, Version: 8.0.13 (MySQL Community Server - GPL). started with:
Tcp port: 3306  Unix socket: /var/run/mysqld/mysqld.sock
Time                 Id Command    Argument
/usr/sbin/mysqld, Version: 8.0.13 (MySQL Community Server - GPL). started with:
Tcp port: 3306  Unix socket: /var/run/mysqld/mysqld.sock
Time                 Id Command    Argument
/usr/sbin/mysqld, Version: 8.0.13 (MySQL Community Server - GPL). started with:
Tcp port: 3306  Unix socket: /var/run/mysqld/mysqld.sock
Time                 Id Command    Argument
/usr/sbin/mysqld, Version: 8.0.13 (MySQL Community Server - GPL). started with:
Tcp port: 3306  Unix socket: /var/run/mysqld/mysqld.sock
Time                 Id Command    Argument
/usr/sbin/mysqld, Version: 8.0.13 (MySQL Community Server - GPL). started with:
Tcp port: 3306  Unix socket: /var/run/mysqld/mysqld.sock
Time                 Id Command    Argument
/usr/sbin/mysqld, Version: 8.0.13 (MySQL Community Server - GPL). started with:
Tcp port: 3306  Unix socket: /var/run/mysqld/mysqld.sock
Time                 Id Command    Argument
/usr/sbin/mysqld, Version: 8.0.13 (MySQL Community Server - GPL). started with:
Tcp port: 3306  Unix socket: /var/run/mysqld/mysqld.sock
Time                 Id Command    Argument
